<?xml version="1.0" encoding="UTF-8"?>
<!-- Generated by org.testng.reporters.JUnitXMLReporter -->
<testsuite ignored="0" hostname="DESKTOP-6E13JVC" failures="0" tests="4" name="Default test" time="1.201" errors="0" timestamp="2022-11-16T16:25:07 IST">
  <testcase classname="com.database.automation.test.DatabaseTest" name="toDeleteData" time="0.074"/>
  <testcase classname="com.database.automation.test.DatabaseTest" name="toFetchData" time="0.099"/>
  <testcase classname="com.database.automation.test.DatabaseTest" name="toInsertData" time="0.187"/>
  <testcase classname="com.database.automation.test.DatabaseTest" name="toUpdateData" time="0.094"/>
</testsuite> <!-- Default test -->
