<?xml version="1.0" encoding="UTF-8"?>
<testng-results ignored="0" total="4" passed="4" failed="0" skipped="0">
  <reporter-output>
  </reporter-output>
  <suite started-at="2022-11-16T16:25:05 IST" name="Default suite" finished-at="2022-11-16T16:25:07 IST" duration-ms="1201">
    <groups>
    </groups>
    <test started-at="2022-11-16T16:25:05 IST" name="Default test" finished-at="2022-11-16T16:25:07 IST" duration-ms="1201">
      <class name="com.database.automation.test.DatabaseTest">
        <test-method is-config="true" signature="setConnection()[pri:0, instance:com.database.automation.test.DatabaseTest@333291e3]" started-at="2022-11-16T16:25:05 IST" name="setConnection" finished-at="2022-11-16T16:25:06 IST" duration-ms="693" status="PASS">
          <reporter-output>
          </reporter-output>
        </test-method> <!-- setConnection -->
        <test-method signature="toDeleteData()[pri:0, instance:com.database.automation.test.DatabaseTest@333291e3]" started-at="2022-11-16T16:25:06 IST" name="toDeleteData" finished-at="2022-11-16T16:25:06 IST" duration-ms="74" status="PASS">
          <reporter-output>
          </reporter-output>
        </test-method> <!-- toDeleteData -->
        <test-method signature="toFetchData()[pri:0, instance:com.database.automation.test.DatabaseTest@333291e3]" started-at="2022-11-16T16:25:06 IST" name="toFetchData" finished-at="2022-11-16T16:25:06 IST" duration-ms="99" status="PASS">
          <reporter-output>
          </reporter-output>
        </test-method> <!-- toFetchData -->
        <test-method signature="toInsertData()[pri:0, instance:com.database.automation.test.DatabaseTest@333291e3]" started-at="2022-11-16T16:25:06 IST" name="toInsertData" finished-at="2022-11-16T16:25:07 IST" duration-ms="187" status="PASS">
          <reporter-output>
          </reporter-output>
        </test-method> <!-- toInsertData -->
        <test-method signature="toUpdateData()[pri:0, instance:com.database.automation.test.DatabaseTest@333291e3]" started-at="2022-11-16T16:25:07 IST" name="toUpdateData" finished-at="2022-11-16T16:25:07 IST" duration-ms="94" status="PASS">
          <reporter-output>
          </reporter-output>
        </test-method> <!-- toUpdateData -->
        <test-method is-config="true" signature="tearDown()[pri:0, instance:com.database.automation.test.DatabaseTest@333291e3]" started-at="2022-11-16T16:25:07 IST" name="tearDown" finished-at="2022-11-16T16:25:07 IST" duration-ms="2" status="PASS">
          <reporter-output>
          </reporter-output>
        </test-method> <!-- tearDown -->
      </class> <!-- com.database.automation.test.DatabaseTest -->
    </test> <!-- Default test -->
  </suite> <!-- Default suite -->
</testng-results>
